[813] 19 Jan 14:16:45.421 # Warning: no config file specified, using the default config. In order to specify a config file use redis-server /path/to/redis.conf
[813] 19 Jan 14:16:45.423 * Increased maximum number of open files to 10032 (it was originally set to 2560).
                _._                                                  
           _.-``__ ''-._                                             
      _.-``    `.  `_.  ''-._           Redis 2.8.17 (00000000/0) 64 bit
  .-`` .-```.  ```\/    _.,_ ''-._                                   
 (    '      ,       .-`  | `,    )     Running in stand alone mode
 |`-._`-...-` __...-.``-._|'` _.-'|     Port: 6379
 |    `-._   `._    /     _.-'    |     PID: 813
  `-._    `-._  `-./  _.-'    _.-'                                   
 |`-._`-._    `-.__.-'    _.-'_.-'|                                  
 |    `-._`-._        _.-'_.-'    |           http://redis.io        
  `-._    `-._`-.__.-'_.-'    _.-'                                   
 |`-._`-._    `-.__.-'    _.-'_.-'|                                  
 |    `-._`-._        _.-'_.-'    |                                  
  `-._    `-._`-.__.-'_.-'    _.-'                                   
      `-._    `-.__.-'    _.-'                                       
          `-._        _.-'                                           
              `-.__.-'                                               

[813] 19 Jan 14:16:45.428 # Server started, Redis version 2.8.17
[813] 19 Jan 14:16:45.429 * The server is now ready to accept connections on port 6379
[813] 19 Jan 15:16:46.079 * 1 changes in 3600 seconds. Saving...
[813] 19 Jan 15:16:46.079 * Background saving started by pid 1069
[1069] 19 Jan 15:16:46.101 * DB saved on disk
[813] 19 Jan 15:16:46.184 * Background saving terminated with success
